LAUNCHING IRC CONNECTION
connecting to Twitch
connected to Twitch as exhiled42
ipc starting
ipc socket listening
TERMINATING IRC CONNECTION
REMOVING CHANNEL added
Channel removed successfully.
ADDING CHANNEL tacoburrito
ADDED CHANNEL tacoburrito
REMOVING CHANNEL tacoburrito
Channel removed successfully.
ADDING CHANNEL drtdr
ADDED CHANNEL drtdr
ADDING CHANNEL 
ADDED CHANNEL 
ADDING CHANNEL 
ADD CHANNEL FAIL SQLSTATE[23000]: Integrity constraint violation: 1062 Duplicate entry '' for key 'config.PRIMARY'
REMOVING CHANNEL 
REMOVED CHANNEL 
ADDING CHANNEL awew
ADDED CHANNEL awew
REMOVING CHANNEL awew
REMOVED CHANNEL awew
REMOVING CHANNEL drtdr
REMOVED CHANNEL drtdr
LAUNCHING IRC CONNECTION
connecting to Twitch
connected to Twitch as exhiled42
ipc starting
ipc socket listening
TERMINATING IRC CONNECTION
LAUNCHING IRC CONNECTION
LAUNCHING IRC CONNECTION
LAUNCHING IRC CONNECTION
BURRITO!!!!!!!!!
connecting to Twitch
connected to Twitch as exhiled42
ipc starting
ipc socket listening
TERMINATING IRC CONNECTION
LAUNCHING IRC CONNECTION
TERMINATING IRC CONNECTION
LAUNCHING IRC CONNECTION
connecting to Twitch
connected to Twitch as exhiled42
ipc starting
ipc socket listening
TERMINATING IRC CONNECTION
LAUNCHING IRC CONNECTION
connecting to Twitch
connected to Twitch as exhiled42
ipc starting
ipc socket listening
TERMINATING IRC CONNECTION
LAUNCHING IRC CONNECTION
connecting to Twitch
connected to Twitch as exhiled42
ipc starting
ipc socket listening
TERMINATING IRC CONNECTION
REMOVING CHANNEL exiled42
REMOVED CHANNEL exiled42
REMOVING CHANNEL ambivalentbunnie
REMOVED CHANNEL ambivalentbunnie
REMOVING CHANNEL rawoke83
REMOVED CHANNEL rawoke83
REMOVING CHANNEL sireeeki
REMOVED CHANNEL sireeeki
REMOVING CHANNEL timeenjoyed
REMOVED CHANNEL timeenjoyed
ADDING CHANNEL exiled42
ADDED CHANNEL exiled42
ADDING CHANNEL constipatedcoder
ADDED CHANNEL constipatedcoder
TERMINATING IRC CONNECTION
LAUNCHING IRC CONNECTION
connecting to Twitch
LAUNCHING IRC CONNECTION
connecting to Twitch
TERMINATING IRC CONNECTION
LAUNCHING IRC CONNECTION
connecting to Twitch
LAUNCHING IRC CONNECTION
connecting to Twitch
about to do it
TERMINATING IRC CONNECTION
LAUNCHING IRC CONNECTION
connecting to Twitch
about to do it
TERMINATING IRC CONNECTION
LAUNCHING IRC CONNECTION
connecting to Twitch
about to do it
TERMINATING IRC CONNECTION
LAUNCHING IRC CONNECTION
connecting to Twitch
about to do it
LAUNCHING IRC CONNECTION
connecting to Twitch
about to do it
LAUNCHING IRC CONNECTION
LAUNCHING IRC CONNECTION
LAUNCHING IRC CONNECTION
LAUNCHING IRC CONNECTION
LAUNCHING IRC CONNECTION
LAUNCHING IRC CONNECTION
LAUNCHING IRC CONNECTION
TERMINATING IRC CONNECTION
LAUNCHING IRC CONNECTION
connecting to Twitch
about to do it
TERMINATING IRC CONNECTION
LAUNCHING IRC CONNECTION
connecting to Twitch
about to do it
LAUNCHING IRC CONNECTION
connecting to Twitch
about to do it
connected to Twitch as exhiled42
ipc starting
ipc socket listening
TERMINATING IRC CONNECTION
LAUNCHING IRC CONNECTION
connecting to Twitch
about to do it
connected to Twitch as exhiled42
ipc starting
ipc socket listening
TERMINATING IRC CONNECTION
LAUNCHING IRC CONNECTION
connecting to Twitch
about to do it
connected to Twitch as exhiled42
ipc starting
ipc socket listening
TERMINATING IRC CONNECTION
LAUNCHING IRC CONNECTION
connecting to Twitch
about to do it
connected to Twitch as exhiled42
response
response
response
response
response
response
response
response
response
response
response
response
response
response
username: time
response
username: !x
response
response
TERMINATING IRC CONNECTION
LAUNCHING IRC CONNECTION
connecting to Twitch
about to do it
LAUNCHING IRC CONNECTION
connecting to Twitch
about to do it
LAUNCHING IRC CONNECTION
connecting to Twitch
about to do it
LAUNCHING IRC CONNECTION
connecting to Twitch
about to do it
TERMINATING IRC CONNECTION
LAUNCHING IRC CONNECTION
connecting to Twitch
about to do it
LAUNCHING IRC CONNECTION
connecting to Twitch
about to do it
LAUNCHING IRC CONNECTION
connecting to Twitch
about to do it
TERMINATING IRC CONNECTION
LAUNCHING IRC CONNECTION
connecting to Twitch
about to do it
LAUNCHING IRC CONNECTION
connecting to Twitch
about to do it
TERMINATING IRC CONNECTION
LAUNCHING IRC CONNECTION
connecting to Twitch
about to do it
LAUNCHING IRC CONNECTION
connecting to Twitch
about to do it
connected to Twitch as exhiled42
connected
response
connected
response
connected
response
connected
response
connected
response
connected
response
connected
response
connected
response
connected
response
connected
response
connected
username: !x
connected
TERMINATING IRC CONNECTION
LAUNCHING IRC CONNECTION
connecting to Twitch
about to do it
LAUNCHING IRC CONNECTION
connecting to Twitch
about to do it
LAUNCHING IRC CONNECTION
connecting to Twitch
about to do it
LAUNCHING IRC CONNECTION
connecting to Twitch
about to do it
LAUNCHING IRC CONNECTION
connecting to Twitch
about to do it
LAUNCHING IRC CONNECTION
LAUNCHING IRC CONNECTION
TERMINATING IRC CONNECTION
LAUNCHING IRC CONNECTION
LAUNCHING IRC CONNECTION
TERMINATING IRC CONNECTION
LAUNCHING IRC CONNECTION
connecting to Twitch!!!
about to do it
connected to Twitch as exhiled42
connected
response
connected
response
connected
response
connected
response
connected
response
connected
response
connected
response
connected
response
connected
response
connected
response
connected
username: !x
connected
TERMINATING IRC CONNECTION
LAUNCHING IRC CONNECTION
connecting to Twitch!!!
about to do it
connected to Twitch as exhiled42
connected
response
connected
response
connected
response
connected
response
connected
response
connected
response
connected
response
connected
response
connected
response
connected
response
connected
response
connected
response
connected
response
connected
username: !x asd
connected
username: tiome
connected
username: time
connected
username: time
connected
username: !x
connected
username: time shit
connected
TERMINATING IRC CONNECTION
LAUNCHING IRC CONNECTION
connecting to Twitch!!!
about to do it
connected to Twitch as exhiled42
connected
response
connected
response
connected
response
connected
response
connected
response
connected
response
connected
response
connected
response
connected
response
connected
response
connected
response
connected
response
connected
response
connected
username: tiume
connected
username: time aw
connected
username: !x
connected
TERMINATING IRC CONNECTION
LAUNCHING IRC CONNECTION
LAUNCHING IRC CONNECTION
LAUNCHING IRC CONNECTION
LAUNCHING IRC CONNECTION
LAUNCHING IRC CONNECTION
Array
connecting to Twitch!!!
about to do it
connected to Twitch as exhiled42
connected
response
connected
response
connected
response
connected
response
connected
response
connected
response
connected
response
connected
response
connected
response
connected
response
connected
response
connected
response
connected
response
connected
TERMINATING IRC CONNECTION
LAUNCHING IRC CONNECTION
[{"channel":"constipatedcoder"},{"channel":"exiled42"},{"channel":"xmetrix"}]
connecting to Twitch!!!
about to do it
connected to Twitch as exhiled42
connected
response
connected
response
connected
response
connected
response
connected
response
connected
response
connected
response
connected
response
connected
response
connected
response
connected
response
connected
response
connected
response
connected
TERMINATING IRC CONNECTION
LAUNCHING IRC CONNECTION
[{"channel":"constipatedcoder"},{"channel":"exiled42"},{"channel":"xmetrix"}]
connecting to Twitch!!!
about to do it
connected to Twitch as exhiled42
connected
response
connected
response
connected
response
connected
response
connected
response
connected
response
connected
response
connected
response
connected
response
connected
response
connected
response
connected
response
connected
response
connected
TERMINATING IRC CONNECTION
LAUNCHING IRC CONNECTION
[{"channel":"constipatedcoder"},{"channel":"exiled42"},{"channel":"xmetrix"}]
connecting to Twitch!!!
about to do it
LAUNCHING IRC CONNECTION
[{"channel":"constipatedcoder"},{"channel":"exiled42"},{"channel":"xmetrix"}]
connecting to Twitch!!!
about to do it
LAUNCHING IRC CONNECTION
[{"channel":"constipatedcoder"},{"channel":"exiled42"},{"channel":"xmetrix"}]
connecting to Twitch!!!
about to do it
LAUNCHING IRC CONNECTION
[{"channel":"constipatedcoder"},{"channel":"exiled42"},{"channel":"xmetrix"}]
connecting to Twitch!!!
about to do it
got channels? Array
JOIN #

AUTOJOIN: JOIN #

JOIN #

AUTOJOIN: JOIN #

JOIN #

AUTOJOIN: JOIN #

connected to Twitch as exhiled42
connected
response
connected
response
connected
response
connected
response
connected
response
connected
response
connected
response
connected
TERMINATING IRC CONNECTION
LAUNCHING IRC CONNECTION
[{"channel":"constipatedcoder"},{"channel":"exiled42"},{"channel":"timeenjoyed"},{"channel":"xmetrix"}]
connecting to Twitch!!!
about to do it
got channels? Array
JOIN #

AUTOJOIN: JOIN #

JOIN #

AUTOJOIN: JOIN #

JOIN #

AUTOJOIN: JOIN #

JOIN #

AUTOJOIN: JOIN #

connected to Twitch as exhiled42
connected
response
connected
response
connected
response
connected
response
connected
response
connected
response
connected
response
connected
TERMINATING IRC CONNECTION
LAUNCHING IRC CONNECTION
[{"channel":"constipatedcoder"},{"channel":"exiled42"},{"channel":"timeenjoyed"},{"channel":"xmetrix"}]
connecting to Twitch!!!
about to do it
got channels? Array
JOIN #constipatedcoder

AUTOJOIN: JOIN #constipatedcoder

JOIN #exiled42

AUTOJOIN: JOIN #exiled42

JOIN #timeenjoyed

AUTOJOIN: JOIN #timeenjoyed

JOIN #xmetrix

AUTOJOIN: JOIN #xmetrix

connected to Twitch as exhiled42
connected
response
connected
response
connected
response
connected
response
connected
response
connected
response
connected
response
connected
response
connected
response
connected
response
connected
response
connected
response
connected
response
connected
response
connected
response
connected
response
connected
response
connected
response
connected
response
connected
username: !x
connected
username: !x
connected
TERMINATING IRC CONNECTION
LAUNCHING IRC CONNECTION
[{"channel":"constipatedcoder"},{"channel":"exiled42"},{"channel":"timeenjoyed"},{"channel":"xmetrix"}]
connecting to Twitch!!!
about to do it
got channels? Array
JOIN #constipatedcoder

AUTOJOIN: JOIN #constipatedcoder

JOIN #exiled42

AUTOJOIN: JOIN #exiled42

JOIN #timeenjoyed

AUTOJOIN: JOIN #timeenjoyed

JOIN #xmetrix

AUTOJOIN: JOIN #xmetrix

connected to Twitch as exhiled42
connected
response
connected
response
connected
response
connected
response
connected
response
connected
response
connected
response
connected
response
connected
response
connected
response
connected
response
connected
response
connected
response
connected
response
connected
response
connected
response
connected
response
connected
response
connected
response
connected
response
connected
response
connected
response
connected
response
connected
response
connected
response
connected
response
connected
response
connected
response
connected
response
connected
username: !x
connected
response
connected
username: !x s
connected
response
connected
username: time
connected
response
connected
username: time
connected
response
connected
username: lol yay
connected
response
connected
response
connected
response
connected
response
connected
response
connected
response
connected
response
connected
response
connected
response
connected
response
connected
response
connected
response
connected
response
connected
response
connected
response
connected
response
connected
response
connected
response
connected
response
connected
response
connected
response
connected
response
connected
response
connected
response
connected
response
connected
response
connected
response
connected
response
connected
response
connected
response
connected
response
connected
response
connected
response
connected
response
connected
response
connected
response
connected
response
connected
response
connected
response
connected
response
connected
response
connected
username: bbiab
connected
response
connected
response
connected
response
connected
response
connected
response
connected
response
connected
response
connected
response
connected
response
connected
response
connected
response
connected
response
connected
response
connected
response
connected
response
connected
response
connected
response
connected
response
connected
response
connected
response
connected
response
connected
response
connected
response
connected
response
connected
response
connected
response
connected
response
connected
response
connected
response
connected
response
connected
response
connected
response
connected
response
connected
response
connected
response
connected
response
connected
response
connected
response
connected
response
connected
response
connected
response
connected
response
connected
response
connected
response
connected
response
connected
response
connected
response
connected
response
connected
response
connected
response
connected
response
connected
response
connected
response
connected
response
connected
response
connected
response
connected
response
connected
response
connected
response
connected
response
connected
username: Am I working..
connected
response
connected
response
connected
response
connected
response
connected
response
connected
response
connected
response
connected
response
connected
response
connected
response
connected
response
connected
response
connected
response
connected
response
connected
response
connected
response
connected
response
connected
response
connected
response
connected
response
connected
response
connected
response
connected
response
connected
response
connected
response
connected
response
connected
response
connected
response
connected
response
connected
response
connected
response
connected
response
connected
response
connected
response
connected
response
connected
response
connected
response
connected
response
connected
response
connected
response
connected
response
connected
